<?xml version="1.0" encoding="UTF-8"?>
<testng-results skipped="0" failed="1" total="4" passed="3">
  <reporter-output>
  </reporter-output>
  <suite name="ActionButtons" duration-ms="100531" started-at="2015-10-20T07:07:12Z" finished-at="2015-10-20T07:08:53Z">
    <groups>
    </groups>
    <test name="Uploading" duration-ms="28270" started-at="2015-10-20T07:07:12Z" finished-at="2015-10-20T07:07:40Z">
      <class name="accountTest.TestUpload">
        <test-method status="PASS" signature="setupBrowser(java.lang.String)[pri:0, instance:accountTest.TestUpload@566776ad]" name="setupBrowser" is-config="true" duration-ms="3125" started-at="2015-10-20T10:07:12Z" finished-at="2015-10-20T10:07:15Z">
          <params>
            <param index="0">
              <value>
                <![CDATA[CH]]>
              </value>
            </param>
          </params>
          <reporter-output>
          </reporter-output>
        </test-method> <!-- setupBrowser -->
        <test-method status="PASS" signature="boxUpload()[pri:0, instance:accountTest.TestUpload@566776ad]" name="boxUpload" duration-ms="22596" started-at="2015-10-20T10:07:15Z" finished-at="2015-10-20T10:07:38Z">
          <reporter-output>
          </reporter-output>
        </test-method> <!-- boxUpload -->
        <test-method status="PASS" signature="oneDriveUpload()[pri:0, instance:accountTest.TestUpload@566776ad]" name="oneDriveUpload" duration-ms="0" started-at="2015-10-20T10:07:38Z" finished-at="2015-10-20T10:07:38Z">
          <reporter-output>
          </reporter-output>
        </test-method> <!-- oneDriveUpload -->
        <test-method status="PASS" signature="tearDown()[pri:0, instance:accountTest.TestUpload@566776ad]" name="tearDown" is-config="true" duration-ms="2536" started-at="2015-10-20T10:07:38Z" finished-at="2015-10-20T10:07:40Z">
          <reporter-output>
          </reporter-output>
        </test-method> <!-- tearDown -->
      </class> <!-- accountTest.TestUpload -->
    </test> <!-- Uploading -->
    <test name="LoginRegisteration" duration-ms="48448" started-at="2015-10-20T07:07:40Z" finished-at="2015-10-20T07:08:29Z">
      <class name="accountTest.LoginTests">
        <test-method status="PASS" signature="setupBrowser(java.lang.String)[pri:0, instance:accountTest.LoginTests@4157f54e]" name="setupBrowser" is-config="true" duration-ms="1876" started-at="2015-10-20T10:07:40Z" finished-at="2015-10-20T10:07:42Z">
          <params>
            <param index="0">
              <value>
                <![CDATA[CH]]>
              </value>
            </param>
          </params>
          <reporter-output>
          </reporter-output>
        </test-method> <!-- setupBrowser -->
        <test-method status="PASS" signature="todoBeforeTests()[pri:0, instance:accountTest.LoginTests@4157f54e]" name="todoBeforeTests" is-config="true" duration-ms="5728" started-at="2015-10-20T10:07:42Z" finished-at="2015-10-20T10:07:48Z">
          <reporter-output>
          </reporter-output>
        </test-method> <!-- todoBeforeTests -->
        <test-method status="FAIL" signature="loginWithFacebook()[pri:0, instance:accountTest.LoginTests@4157f54e]" name="loginWithFacebook" duration-ms="37920" started-at="2015-10-20T10:07:48Z" finished-at="2015-10-20T10:08:26Z">
          <exception class="org.openqa.selenium.NoSuchElementException">
            <message>
              <![CDATA[no such element
  (Session info: chrome=45.0.2454.101)
  (Driver info: chromedriver=2.16.333243 (0bfa1d3575fc1044244f21ddb82bf870944ef961),platform=Windows NT 6.1 x86_64) (WARNING: The server did not provide any stacktrace information)
Command duration or timeout: 30.03 seconds
For documentation on this error, please visit: http://seleniumhq.org/exceptions/no_such_element.html
Build info: version: '2.46.0', revision: '61506a4624b13675f24581e453592342b7485d71', time: '2015-06-04 10:22:50'
System info: host: 'DimaM-PC', ip: '192.168.56.1', os.name: 'Windows 7', os.arch: 'amd64', os.version: '6.1', java.version: '1.8.0_51'
Driver info: org.openqa.selenium.chrome.ChromeDriver
Capabilities [{applicationCacheEnabled=false, rotatable=false, mobileEmulationEnabled=false, chrome={userDataDir=C:\Users\DimaM\AppData\Local\Temp\scoped_dir253336_20041}, takesHeapSnapshot=true, databaseEnabled=false, handlesAlerts=true, hasTouchScreen=false, version=45.0.2454.101, platform=XP, browserConnectionEnabled=false, nativeEvents=true, acceptSslCerts=true, locationContextEnabled=true, webStorageEnabled=true, browserName=chrome, takesScreenshot=true, javascriptEnabled=true, cssSelectorsEnabled=true}]
Session ID: afe58a39c3db7d62081fef0dd82aeb58
*** Element info: {Using=id, value=user_logo_thumb_header}]]>
            </message>
            <full-stacktrace>
              <![CDATA[org.openqa.selenium.NoSuchElementException: no such element
  (Session info: chrome=45.0.2454.101)
  (Driver info: chromedriver=2.16.333243 (0bfa1d3575fc1044244f21ddb82bf870944ef961),platform=Windows NT 6.1 x86_64) (WARNING: The server did not provide any stacktrace information)
Command duration or timeout: 30.03 seconds
For documentation on this error, please visit: http://seleniumhq.org/exceptions/no_such_element.html
Build info: version: '2.46.0', revision: '61506a4624b13675f24581e453592342b7485d71', time: '2015-06-04 10:22:50'
System info: host: 'DimaM-PC', ip: '192.168.56.1', os.name: 'Windows 7', os.arch: 'amd64', os.version: '6.1', java.version: '1.8.0_51'
Driver info: org.openqa.selenium.chrome.ChromeDriver
Capabilities [{applicationCacheEnabled=false, rotatable=false, mobileEmulationEnabled=false, chrome={userDataDir=C:\Users\DimaM\AppData\Local\Temp\scoped_dir253336_20041}, takesHeapSnapshot=true, databaseEnabled=false, handlesAlerts=true, hasTouchScreen=false, version=45.0.2454.101, platform=XP, browserConnectionEnabled=false, nativeEvents=true, acceptSslCerts=true, locationContextEnabled=true, webStorageEnabled=true, browserName=chrome, takesScreenshot=true, javascriptEnabled=true, cssSelectorsEnabled=true}]
Session ID: afe58a39c3db7d62081fef0dd82aeb58
*** Element info: {Using=id, value=user_logo_thumb_header}
	at sun.reflect.NativeConstructorAccessorImpl.newInstance0(Native Method)
	at sun.reflect.NativeConstructorAccessorImpl.newInstance(NativeConstructorAccessorImpl.java:62)
	at sun.reflect.DelegatingConstructorAccessorImpl.newInstance(DelegatingConstructorAccessorImpl.java:45)
	at java.lang.reflect.Constructor.newInstance(Constructor.java:422)
	at org.openqa.selenium.remote.ErrorHandler.createThrowable(ErrorHandler.java:204)
	at org.openqa.selenium.remote.ErrorHandler.throwIfResponseFailed(ErrorHandler.java:156)
	at org.openqa.selenium.remote.RemoteWebDriver.execute(RemoteWebDriver.java:605)
	at org.openqa.selenium.remote.RemoteWebDriver.findElement(RemoteWebDriver.java:358)
	at org.openqa.selenium.remote.RemoteWebDriver.findElementById(RemoteWebDriver.java:399)
	at org.openqa.selenium.By$ById.findElement(By.java:215)
	at org.openqa.selenium.remote.RemoteWebDriver.findElement(RemoteWebDriver.java:350)
	at sun.reflect.GeneratedMethodAccessor5.invoke(Unknown Source)
	at sun.reflect.DelegatingMethodAccessorImpl.invoke(DelegatingMethodAccessorImpl.java:43)
	at java.lang.reflect.Method.invoke(Method.java:497)
	at org.openqa.selenium.support.events.EventFiringWebDriver$2.invoke(EventFiringWebDriver.java:102)
	at com.sun.proxy.$Proxy9.findElement(Unknown Source)
	at org.openqa.selenium.support.events.EventFiringWebDriver.findElement(EventFiringWebDriver.java:185)
	at accountTest.LoginTests.loginWithFacebook(LoginTests.java:51)
	at sun.reflect.NativeMethodAccessorImpl.invoke0(Native Method)
	at sun.reflect.NativeMethodAccessorImpl.invoke(NativeMethodAccessorImpl.java:62)
	at sun.reflect.DelegatingMethodAccessorImpl.invoke(DelegatingMethodAccessorImpl.java:43)
	at java.lang.reflect.Method.invoke(Method.java:497)
	at org.testng.internal.MethodInvocationHelper.invokeMethod(MethodInvocationHelper.java:85)
	at org.testng.internal.Invoker.invokeMethod(Invoker.java:659)
	at org.testng.internal.Invoker.invokeTestMethod(Invoker.java:845)
	at org.testng.internal.Invoker.invokeTestMethods(Invoker.java:1153)
	at org.testng.internal.TestMethodWorker.invokeTestMethods(TestMethodWorker.java:125)
	at org.testng.internal.TestMethodWorker.run(TestMethodWorker.java:108)
	at org.testng.TestRunner.privateRun(TestRunner.java:771)
	at org.testng.TestRunner.run(TestRunner.java:621)
	at org.testng.SuiteRunner.runTest(SuiteRunner.java:357)
	at org.testng.SuiteRunner.runSequentially(SuiteRunner.java:352)
	at org.testng.SuiteRunner.privateRun(SuiteRunner.java:310)
	at org.testng.SuiteRunner.run(SuiteRunner.java:259)
	at org.testng.SuiteRunnerWorker.runSuite(SuiteRunnerWorker.java:52)
	at org.testng.SuiteRunnerWorker.run(SuiteRunnerWorker.java:86)
	at org.testng.TestNG.runSuitesSequentially(TestNG.java:1199)
	at org.testng.TestNG.runSuitesLocally(TestNG.java:1124)
	at org.testng.TestNG.run(TestNG.java:1032)
	at org.apache.maven.surefire.testng.TestNGExecutor.run(TestNGExecutor.java:295)
	at org.apache.maven.surefire.testng.TestNGXmlTestSuite.execute(TestNGXmlTestSuite.java:84)
	at org.apache.maven.surefire.testng.TestNGProvider.invoke(TestNGProvider.java:90)
	at org.apache.maven.surefire.booter.ForkedBooter.invokeProviderInSameClassLoader(ForkedBooter.java:203)
	at org.apache.maven.surefire.booter.ForkedBooter.runSuitesInProcess(ForkedBooter.java:155)
	at org.apache.maven.surefire.booter.ForkedBooter.main(ForkedBooter.java:103)
]]>
            </full-stacktrace>
          </exception> <!-- org.openqa.selenium.NoSuchElementException -->
          <reporter-output>
          </reporter-output>
        </test-method> <!-- loginWithFacebook -->
        <test-method status="PASS" signature="tearDown()[pri:0, instance:accountTest.LoginTests@4157f54e]" name="tearDown" is-config="true" duration-ms="2513" started-at="2015-10-20T10:08:26Z" finished-at="2015-10-20T10:08:29Z">
          <reporter-output>
          </reporter-output>
        </test-method> <!-- tearDown -->
      </class> <!-- accountTest.LoginTests -->
    </test> <!-- LoginRegisteration -->
    <test name="SmokeTest" duration-ms="23786" started-at="2015-10-20T07:08:29Z" finished-at="2015-10-20T07:08:53Z">
      <class name="accountTest.TestSmoke">
        <test-method status="PASS" signature="setupBrowser(java.lang.String)[pri:0, instance:accountTest.TestSmoke@3a03464]" name="setupBrowser" is-config="true" duration-ms="2448" started-at="2015-10-20T10:08:29Z" finished-at="2015-10-20T10:08:31Z">
          <params>
            <param index="0">
              <value>
                <![CDATA[CH]]>
              </value>
            </param>
          </params>
          <reporter-output>
          </reporter-output>
        </test-method> <!-- setupBrowser -->
        <test-method status="PASS" signature="login()[pri:0, instance:accountTest.TestSmoke@3a03464]" name="login" duration-ms="18826" started-at="2015-10-20T10:08:31Z" finished-at="2015-10-20T10:08:50Z">
          <reporter-output>
          </reporter-output>
        </test-method> <!-- login -->
        <test-method status="PASS" signature="tearDown()[pri:0, instance:accountTest.TestSmoke@3a03464]" name="tearDown" is-config="true" duration-ms="2510" started-at="2015-10-20T10:08:50Z" finished-at="2015-10-20T10:08:53Z">
          <reporter-output>
          </reporter-output>
        </test-method> <!-- tearDown -->
      </class> <!-- accountTest.TestSmoke -->
    </test> <!-- SmokeTest -->
  </suite> <!-- ActionButtons -->
</testng-results>
